2023-08-23T16:53:03.824+05:00  INFO $ {HOSTNAME} 256 --- [main] com.redmath.training.Application         : Starting Application using Java 20.0.2 with PID 256 (C:\IntelliJ IDEA Community Edition 2022.1.3\workspace\Lecture03\target\classes started by khadija.rauf in C:\IntelliJ IDEA Community Edition 2022.1.3\workspace\Lecture03)
2023-08-23T16:53:03.825+05:00 DEBUG $ {HOSTNAME} 256 --- [main] com.redmath.training.Application         : Running with Spring Boot v3.1.2, Spring v6.0.11
2023-08-23T16:53:03.826+05:00  INFO $ {HOSTNAME} 256 --- [main] com.redmath.training.Application         : No active profile set, falling back to 1 default profile: "default"
2023-08-23T16:53:04.511+05:00  INFO $ {HOSTNAME} 256 --- [main] .s.d.r.c.RepositoryConfigurationDelegate : Bootstrapping Spring Data JPA repositories in DEFAULT mode.
2023-08-23T16:53:04.572+05:00  INFO $ {HOSTNAME} 256 --- [main] .s.d.r.c.RepositoryConfigurationDelegate : Finished Spring Data repository scanning in 51 ms. Found 1 JPA repository interfaces.
2023-08-23T16:53:05.201+05:00  INFO $ {HOSTNAME} 256 --- [main] o.s.b.w.embedded.tomcat.TomcatWebServer  : Tomcat initialized with port(s): 8080 (http)
2023-08-23T16:53:05.211+05:00  INFO $ {HOSTNAME} 256 --- [main] o.apache.catalina.core.StandardService   : Starting service [Tomcat]
2023-08-23T16:53:05.211+05:00  INFO $ {HOSTNAME} 256 --- [main] o.apache.catalina.core.StandardEngine    : Starting Servlet engine: [Apache Tomcat/10.1.11]
2023-08-23T16:53:05.308+05:00  INFO $ {HOSTNAME} 256 --- [main] o.a.c.c.C.[Tomcat].[localhost].[/]       : Initializing Spring embedded WebApplicationContext
2023-08-23T16:53:05.308+05:00  INFO $ {HOSTNAME} 256 --- [main] w.s.c.ServletWebServerApplicationContext : Root WebApplicationContext: initialization completed in 1425 ms
2023-08-23T16:53:05.350+05:00  INFO $ {HOSTNAME} 256 --- [main] com.zaxxer.hikari.HikariDataSource       : HikariPool-1 - Starting...
2023-08-23T16:53:05.565+05:00  INFO $ {HOSTNAME} 256 --- [main] com.zaxxer.hikari.pool.HikariPool        : HikariPool-1 - Added connection conn0: url=jdbc:h2:mem:e911d1b3-d67d-4848-8791-bfcc5a8b66a8 user=SA
2023-08-23T16:53:05.567+05:00  INFO $ {HOSTNAME} 256 --- [main] com.zaxxer.hikari.HikariDataSource       : HikariPool-1 - Start completed.
2023-08-23T16:53:05.578+05:00  INFO $ {HOSTNAME} 256 --- [main] o.s.b.a.h2.H2ConsoleAutoConfiguration    : H2 console available at '/h2-console'. Database available at 'jdbc:h2:mem:e911d1b3-d67d-4848-8791-bfcc5a8b66a8'
2023-08-23T16:53:05.764+05:00  INFO $ {HOSTNAME} 256 --- [main] liquibase.database                       : Set default schema name to PUBLIC
2023-08-23T16:53:06.212+05:00  INFO $ {HOSTNAME} 256 --- [main] liquibase.executor                       : Changelog query completed.
2023-08-23T16:53:06.215+05:00  INFO $ {HOSTNAME} 256 --- [main] liquibase.executor                       : Changelog query completed.
2023-08-23T16:53:06.220+05:00  INFO $ {HOSTNAME} 256 --- [main] liquibase.executor                       : Changelog query completed.
2023-08-23T16:53:06.223+05:00  INFO $ {HOSTNAME} 256 --- [main] liquibase.executor                       : Changelog query completed.
2023-08-23T16:53:06.228+05:00  INFO $ {HOSTNAME} 256 --- [main] liquibase.executor                       : Changelog query completed.
2023-08-23T16:53:06.229+05:00  INFO $ {HOSTNAME} 256 --- [main] liquibase.lockservice                    : Successfully acquired change log lock
2023-08-23T16:53:06.244+05:00  INFO $ {HOSTNAME} 256 --- [main] liquibase.changelog                      : Creating database history table with name: PUBLIC.DATABASECHANGELOG
2023-08-23T16:53:06.248+05:00  INFO $ {HOSTNAME} 256 --- [main] liquibase.executor                       : Changelog query completed.
2023-08-23T16:53:06.248+05:00  INFO $ {HOSTNAME} 256 --- [main] liquibase.changelog                      : Reading from PUBLIC.DATABASECHANGELOG
2023-08-23T16:53:06.251+05:00  INFO $ {HOSTNAME} 256 --- [main] liquibase.executor                       : Changelog query completed.
2023-08-23T16:53:06.252+05:00  INFO $ {HOSTNAME} 256 --- [main] liquibase.executor                       : Changelog query completed.
2023-08-23T16:53:06.296+05:00  INFO $ {HOSTNAME} 256 --- [main] liquibase.changelog                      : Table news created
2023-08-23T16:53:06.297+05:00  INFO $ {HOSTNAME} 256 --- [main] liquibase.changelog                      : Primary key added to news (id)
2023-08-23T16:53:06.298+05:00  INFO $ {HOSTNAME} 256 --- [main] liquibase.changelog                      : ChangeSet db/changelog/db.changelog-schema-0.0.1.yaml::schema-0.0.1::news team ran successfully in 5ms
2023-08-23T16:53:06.301+05:00  INFO $ {HOSTNAME} 256 --- [main] liquibase.executor                       : Changelog query completed.
2023-08-23T16:53:06.303+05:00  INFO $ {HOSTNAME} 256 --- [main] liquibase.executor                       : Changelog query completed.
2023-08-23T16:53:06.305+05:00  INFO $ {HOSTNAME} 256 --- [main] liquibase.changelog                      : New row inserted into news
2023-08-23T16:53:06.307+05:00  INFO $ {HOSTNAME} 256 --- [main] liquibase.changelog                      : New row inserted into news
2023-08-23T16:53:06.307+05:00  INFO $ {HOSTNAME} 256 --- [main] liquibase.changelog                      : ChangeSet db/changelog/db.changelog-data-0.0.1.yaml::data-0.0.1::news team ran successfully in 3ms
2023-08-23T16:53:06.308+05:00  INFO $ {HOSTNAME} 256 --- [main] liquibase.executor                       : Changelog query completed.
2023-08-23T16:53:06.309+05:00  INFO $ {HOSTNAME} 256 --- [main] liquibase                                : Update command completed successfully.
2023-08-23T16:53:06.311+05:00  INFO $ {HOSTNAME} 256 --- [main] liquibase.executor                       : Changelog query completed.
2023-08-23T16:53:06.311+05:00  INFO $ {HOSTNAME} 256 --- [main] liquibase.lockservice                    : Successfully released change log lock
2023-08-23T16:53:06.399+05:00  INFO $ {HOSTNAME} 256 --- [main] o.hibernate.jpa.internal.util.LogHelper  : HHH000204: Processing PersistenceUnitInfo [name: default]
2023-08-23T16:53:06.462+05:00  INFO $ {HOSTNAME} 256 --- [main] org.hibernate.Version                    : HHH000412: Hibernate ORM core version 6.2.6.Final
2023-08-23T16:53:06.465+05:00  INFO $ {HOSTNAME} 256 --- [main] org.hibernate.cfg.Environment            : HHH000406: Using bytecode reflection optimizer
2023-08-23T16:53:06.629+05:00  INFO $ {HOSTNAME} 256 --- [main] o.h.b.i.BytecodeProviderInitiator        : HHH000021: Bytecode provider name : bytebuddy
2023-08-23T16:53:06.808+05:00  INFO $ {HOSTNAME} 256 --- [main] o.s.o.j.p.SpringPersistenceUnitInfo      : No LoadTimeWeaver setup: ignoring JPA class transformer
2023-08-23T16:53:07.056+05:00  INFO $ {HOSTNAME} 256 --- [main] o.h.b.i.BytecodeProviderInitiator        : HHH000021: Bytecode provider name : bytebuddy
2023-08-23T16:53:07.636+05:00  INFO $ {HOSTNAME} 256 --- [main] o.h.e.t.j.p.i.JtaPlatformInitiator       : HHH000490: Using JtaPlatform implementation: [org.hibernate.engine.transaction.jta.platform.internal.NoJtaPlatform]
2023-08-23T16:53:07.638+05:00  INFO $ {HOSTNAME} 256 --- [main] j.LocalContainerEntityManagerFactoryBean : Initialized JPA EntityManagerFactory for persistence unit 'default'
2023-08-23T16:53:07.974+05:00  WARN $ {HOSTNAME} 256 --- [main] JpaBaseConfiguration$JpaWebConfiguration : spring.jpa.open-in-view is enabled by default. Therefore, database queries may be performed during view rendering. Explicitly configure spring.jpa.open-in-view to disable this warning
2023-08-23T16:53:08.172+05:00  INFO $ {HOSTNAME} 256 --- [main] o.s.b.a.w.s.WelcomePageHandlerMapping    : Adding welcome page: class path resource [static/index.html]
2023-08-23T16:53:08.407+05:00  INFO $ {HOSTNAME} 256 --- [main] o.s.b.w.embedded.tomcat.TomcatWebServer  : Tomcat started on port(s): 8080 (http) with context path ''
2023-08-23T16:53:08.415+05:00  INFO $ {HOSTNAME} 256 --- [main] com.redmath.training.Application         : Started Application in 5.194 seconds (process running for 5.654)
2023-08-23T16:53:10.466+05:00  INFO $ {HOSTNAME} 256 --- [http-nio-8080-exec-1] o.a.c.c.C.[Tomcat].[localhost].[/]       : Initializing Spring DispatcherServlet 'dispatcherServlet'
2023-08-23T16:53:10.466+05:00  INFO $ {HOSTNAME} 256 --- [http-nio-8080-exec-1] o.s.web.servlet.DispatcherServlet        : Initializing Servlet 'dispatcherServlet'
2023-08-23T16:53:10.467+05:00  INFO $ {HOSTNAME} 256 --- [http-nio-8080-exec-1] o.s.web.servlet.DispatcherServlet        : Completed initialization in 1 ms
2023-08-23T16:53:10.500+05:00 DEBUG $ {HOSTNAME} 256 --- [http-nio-8080-exec-1] com.redmath.training.core.NewsService    : findAll
2023-08-23T16:53:10.619+05:00 DEBUG $ {HOSTNAME} 256 --- [http-nio-8080-exec-1] org.hibernate.SQL                        : select n1_0.id,n1_0.details,n1_0.reported_at,n1_0.tags,n1_0.title from news n1_0
2023-08-23T16:53:10.736+05:00 DEBUG $ {HOSTNAME} 256 --- [http-nio-8080-exec-2] com.redmath.training.core.NewsService    : findAll
2023-08-23T16:53:10.738+05:00 DEBUG $ {HOSTNAME} 256 --- [http-nio-8080-exec-2] org.hibernate.SQL                        : select n1_0.id,n1_0.details,n1_0.reported_at,n1_0.tags,n1_0.title from news n1_0
2023-08-23T16:56:43.166+05:00  INFO $ {HOSTNAME} 256 --- [SpringApplicationShutdownHook] j.LocalContainerEntityManagerFactoryBean : Closing JPA EntityManagerFactory for persistence unit 'default'
2023-08-23T16:56:43.168+05:00  INFO $ {HOSTNAME} 256 --- [SpringApplicationShutdownHook] com.zaxxer.hikari.HikariDataSource       : HikariPool-1 - Shutdown initiated...
2023-08-23T16:56:43.169+05:00  INFO $ {HOSTNAME} 256 --- [SpringApplicationShutdownHook] com.zaxxer.hikari.HikariDataSource       : HikariPool-1 - Shutdown completed.
2023-08-23T17:00:23.717+05:00  INFO $ {HOSTNAME} 2220 --- [main] com.redmath.training.Application         : Starting Application using Java 20.0.2 with PID 2220 (C:\IntelliJ IDEA Community Edition 2022.1.3\workspace\Lecture03\target\classes started by khadija.rauf in C:\IntelliJ IDEA Community Edition 2022.1.3\workspace\Lecture03)
2023-08-23T17:00:23.718+05:00 DEBUG $ {HOSTNAME} 2220 --- [main] com.redmath.training.Application         : Running with Spring Boot v3.1.2, Spring v6.0.11
2023-08-23T17:00:23.720+05:00  INFO $ {HOSTNAME} 2220 --- [main] com.redmath.training.Application         : No active profile set, falling back to 1 default profile: "default"
2023-08-23T17:00:24.595+05:00  INFO $ {HOSTNAME} 2220 --- [main] .s.d.r.c.RepositoryConfigurationDelegate : Bootstrapping Spring Data JPA repositories in DEFAULT mode.
2023-08-23T17:00:24.662+05:00  INFO $ {HOSTNAME} 2220 --- [main] .s.d.r.c.RepositoryConfigurationDelegate : Finished Spring Data repository scanning in 56 ms. Found 1 JPA repository interfaces.
2023-08-23T17:00:25.552+05:00  INFO $ {HOSTNAME} 2220 --- [main] o.s.b.w.embedded.tomcat.TomcatWebServer  : Tomcat initialized with port(s): 8080 (http)
2023-08-23T17:00:25.565+05:00  INFO $ {HOSTNAME} 2220 --- [main] o.apache.catalina.core.StandardService   : Starting service [Tomcat]
2023-08-23T17:00:25.566+05:00  INFO $ {HOSTNAME} 2220 --- [main] o.apache.catalina.core.StandardEngine    : Starting Servlet engine: [Apache Tomcat/10.1.11]
2023-08-23T17:00:25.725+05:00  INFO $ {HOSTNAME} 2220 --- [main] o.a.c.c.C.[Tomcat].[localhost].[/]       : Initializing Spring embedded WebApplicationContext
2023-08-23T17:00:25.726+05:00  INFO $ {HOSTNAME} 2220 --- [main] w.s.c.ServletWebServerApplicationContext : Root WebApplicationContext: initialization completed in 1933 ms
2023-08-23T17:00:25.827+05:00  INFO $ {HOSTNAME} 2220 --- [main] com.zaxxer.hikari.HikariDataSource       : HikariPool-1 - Starting...
2023-08-23T17:00:26.093+05:00  INFO $ {HOSTNAME} 2220 --- [main] com.zaxxer.hikari.pool.HikariPool        : HikariPool-1 - Added connection conn0: url=jdbc:h2:mem:b8d17d1d-51cb-4ecc-9803-6067a2d85158 user=SA
2023-08-23T17:00:26.095+05:00  INFO $ {HOSTNAME} 2220 --- [main] com.zaxxer.hikari.HikariDataSource       : HikariPool-1 - Start completed.
2023-08-23T17:00:26.106+05:00  INFO $ {HOSTNAME} 2220 --- [main] o.s.b.a.h2.H2ConsoleAutoConfiguration    : H2 console available at '/h2-console'. Database available at 'jdbc:h2:mem:b8d17d1d-51cb-4ecc-9803-6067a2d85158'
2023-08-23T17:00:26.328+05:00  INFO $ {HOSTNAME} 2220 --- [main] liquibase.database                       : Set default schema name to PUBLIC
2023-08-23T17:00:26.806+05:00  INFO $ {HOSTNAME} 2220 --- [main] liquibase.executor                       : Changelog query completed.
2023-08-23T17:00:26.810+05:00  INFO $ {HOSTNAME} 2220 --- [main] liquibase.executor                       : Changelog query completed.
2023-08-23T17:00:26.814+05:00  INFO $ {HOSTNAME} 2220 --- [main] liquibase.executor                       : Changelog query completed.
2023-08-23T17:00:26.817+05:00  INFO $ {HOSTNAME} 2220 --- [main] liquibase.executor                       : Changelog query completed.
2023-08-23T17:00:26.823+05:00  INFO $ {HOSTNAME} 2220 --- [main] liquibase.executor                       : Changelog query completed.
2023-08-23T17:00:26.824+05:00  INFO $ {HOSTNAME} 2220 --- [main] liquibase.lockservice                    : Successfully acquired change log lock
2023-08-23T17:00:26.841+05:00  INFO $ {HOSTNAME} 2220 --- [main] liquibase.changelog                      : Creating database history table with name: PUBLIC.DATABASECHANGELOG
2023-08-23T17:00:26.846+05:00  INFO $ {HOSTNAME} 2220 --- [main] liquibase.executor                       : Changelog query completed.
2023-08-23T17:00:26.847+05:00  INFO $ {HOSTNAME} 2220 --- [main] liquibase.changelog                      : Reading from PUBLIC.DATABASECHANGELOG
2023-08-23T17:00:26.849+05:00  INFO $ {HOSTNAME} 2220 --- [main] liquibase.executor                       : Changelog query completed.
2023-08-23T17:00:26.852+05:00  INFO $ {HOSTNAME} 2220 --- [main] liquibase.executor                       : Changelog query completed.
2023-08-23T17:00:26.901+05:00  INFO $ {HOSTNAME} 2220 --- [main] liquibase.changelog                      : Table news created
2023-08-23T17:00:26.903+05:00  INFO $ {HOSTNAME} 2220 --- [main] liquibase.changelog                      : Primary key added to news (id)
2023-08-23T17:00:26.904+05:00  INFO $ {HOSTNAME} 2220 --- [main] liquibase.changelog                      : ChangeSet db/changelog/db.changelog-schema-0.0.1.yaml::schema-0.0.1::news team ran successfully in 6ms
2023-08-23T17:00:26.908+05:00  INFO $ {HOSTNAME} 2220 --- [main] liquibase.executor                       : Changelog query completed.
2023-08-23T17:00:26.909+05:00  INFO $ {HOSTNAME} 2220 --- [main] liquibase.executor                       : Changelog query completed.
2023-08-23T17:00:26.913+05:00  INFO $ {HOSTNAME} 2220 --- [main] liquibase.changelog                      : New row inserted into news
2023-08-23T17:00:26.914+05:00  INFO $ {HOSTNAME} 2220 --- [main] liquibase.changelog                      : New row inserted into news
2023-08-23T17:00:26.915+05:00  INFO $ {HOSTNAME} 2220 --- [main] liquibase.changelog                      : ChangeSet db/changelog/db.changelog-data-0.0.1.yaml::data-0.0.1::news team ran successfully in 3ms
2023-08-23T17:00:26.916+05:00  INFO $ {HOSTNAME} 2220 --- [main] liquibase.executor                       : Changelog query completed.
2023-08-23T17:00:26.918+05:00  INFO $ {HOSTNAME} 2220 --- [main] liquibase                                : Update command completed successfully.
2023-08-23T17:00:26.921+05:00  INFO $ {HOSTNAME} 2220 --- [main] liquibase.executor                       : Changelog query completed.
2023-08-23T17:00:26.921+05:00  INFO $ {HOSTNAME} 2220 --- [main] liquibase.lockservice                    : Successfully released change log lock
2023-08-23T17:00:27.025+05:00  INFO $ {HOSTNAME} 2220 --- [main] o.hibernate.jpa.internal.util.LogHelper  : HHH000204: Processing PersistenceUnitInfo [name: default]
2023-08-23T17:00:27.125+05:00  INFO $ {HOSTNAME} 2220 --- [main] org.hibernate.Version                    : HHH000412: Hibernate ORM core version 6.2.6.Final
2023-08-23T17:00:27.128+05:00  INFO $ {HOSTNAME} 2220 --- [main] org.hibernate.cfg.Environment            : HHH000406: Using bytecode reflection optimizer
2023-08-23T17:00:27.344+05:00  INFO $ {HOSTNAME} 2220 --- [main] o.h.b.i.BytecodeProviderInitiator        : HHH000021: Bytecode provider name : bytebuddy
2023-08-23T17:00:27.517+05:00  INFO $ {HOSTNAME} 2220 --- [main] o.s.o.j.p.SpringPersistenceUnitInfo      : No LoadTimeWeaver setup: ignoring JPA class transformer
2023-08-23T17:00:27.789+05:00  INFO $ {HOSTNAME} 2220 --- [main] o.h.b.i.BytecodeProviderInitiator        : HHH000021: Bytecode provider name : bytebuddy
2023-08-23T17:00:28.385+05:00  INFO $ {HOSTNAME} 2220 --- [main] o.h.e.t.j.p.i.JtaPlatformInitiator       : HHH000490: Using JtaPlatform implementation: [org.hibernate.engine.transaction.jta.platform.internal.NoJtaPlatform]
2023-08-23T17:00:28.388+05:00  INFO $ {HOSTNAME} 2220 --- [main] j.LocalContainerEntityManagerFactoryBean : Initialized JPA EntityManagerFactory for persistence unit 'default'
2023-08-23T17:00:28.686+05:00  WARN $ {HOSTNAME} 2220 --- [main] JpaBaseConfiguration$JpaWebConfiguration : spring.jpa.open-in-view is enabled by default. Therefore, database queries may be performed during view rendering. Explicitly configure spring.jpa.open-in-view to disable this warning
2023-08-23T17:00:28.826+05:00  INFO $ {HOSTNAME} 2220 --- [main] o.s.b.a.w.s.WelcomePageHandlerMapping    : Adding welcome page: class path resource [static/index.html]
2023-08-23T17:00:29.015+05:00  INFO $ {HOSTNAME} 2220 --- [main] o.s.b.w.embedded.tomcat.TomcatWebServer  : Tomcat started on port(s): 8080 (http) with context path ''
2023-08-23T17:00:29.023+05:00  INFO $ {HOSTNAME} 2220 --- [main] com.redmath.training.Application         : Started Application in 5.887 seconds (process running for 6.3)
2023-08-23T17:00:34.021+05:00  INFO $ {HOSTNAME} 2220 --- [SpringApplicationShutdownHook] j.LocalContainerEntityManagerFactoryBean : Closing JPA EntityManagerFactory for persistence unit 'default'
2023-08-23T17:00:34.023+05:00  INFO $ {HOSTNAME} 2220 --- [SpringApplicationShutdownHook] com.zaxxer.hikari.HikariDataSource       : HikariPool-1 - Shutdown initiated...
2023-08-23T17:00:34.025+05:00  INFO $ {HOSTNAME} 2220 --- [SpringApplicationShutdownHook] com.zaxxer.hikari.HikariDataSource       : HikariPool-1 - Shutdown completed.
2023-08-23T17:03:57.592+05:00  INFO $ {HOSTNAME} 3264 --- [main] com.redmath.training.Application         : Starting Application using Java 20.0.2 with PID 3264 (C:\IntelliJ IDEA Community Edition 2022.1.3\workspace\Lecture03\target\classes started by khadija.rauf in C:\IntelliJ IDEA Community Edition 2022.1.3\workspace\Lecture03)
2023-08-23T17:03:57.594+05:00 DEBUG $ {HOSTNAME} 3264 --- [main] com.redmath.training.Application         : Running with Spring Boot v3.1.2, Spring v6.0.11
2023-08-23T17:03:57.595+05:00  INFO $ {HOSTNAME} 3264 --- [main] com.redmath.training.Application         : No active profile set, falling back to 1 default profile: "default"
2023-08-23T17:03:58.372+05:00  INFO $ {HOSTNAME} 3264 --- [main] .s.d.r.c.RepositoryConfigurationDelegate : Bootstrapping Spring Data JPA repositories in DEFAULT mode.
2023-08-23T17:03:58.437+05:00  INFO $ {HOSTNAME} 3264 --- [main] .s.d.r.c.RepositoryConfigurationDelegate : Finished Spring Data repository scanning in 55 ms. Found 1 JPA repository interfaces.
2023-08-23T17:03:59.174+05:00  INFO $ {HOSTNAME} 3264 --- [main] o.s.b.w.embedded.tomcat.TomcatWebServer  : Tomcat initialized with port(s): 8080 (http)
2023-08-23T17:03:59.185+05:00  INFO $ {HOSTNAME} 3264 --- [main] o.apache.catalina.core.StandardService   : Starting service [Tomcat]
2023-08-23T17:03:59.185+05:00  INFO $ {HOSTNAME} 3264 --- [main] o.apache.catalina.core.StandardEngine    : Starting Servlet engine: [Apache Tomcat/10.1.11]
2023-08-23T17:03:59.294+05:00  INFO $ {HOSTNAME} 3264 --- [main] o.a.c.c.C.[Tomcat].[localhost].[/]       : Initializing Spring embedded WebApplicationContext
2023-08-23T17:03:59.294+05:00  INFO $ {HOSTNAME} 3264 --- [main] w.s.c.ServletWebServerApplicationContext : Root WebApplicationContext: initialization completed in 1637 ms
2023-08-23T17:03:59.331+05:00  INFO $ {HOSTNAME} 3264 --- [main] com.zaxxer.hikari.HikariDataSource       : HikariPool-1 - Starting...
2023-08-23T17:03:59.600+05:00  INFO $ {HOSTNAME} 3264 --- [main] com.zaxxer.hikari.pool.HikariPool        : HikariPool-1 - Added connection conn0: url=jdbc:h2:mem:17c2d6e7-aefc-4c29-bc71-1432f2c723f9 user=SA
2023-08-23T17:03:59.603+05:00  INFO $ {HOSTNAME} 3264 --- [main] com.zaxxer.hikari.HikariDataSource       : HikariPool-1 - Start completed.
2023-08-23T17:03:59.615+05:00  INFO $ {HOSTNAME} 3264 --- [main] o.s.b.a.h2.H2ConsoleAutoConfiguration    : H2 console available at '/h2-console'. Database available at 'jdbc:h2:mem:17c2d6e7-aefc-4c29-bc71-1432f2c723f9'
2023-08-23T17:03:59.842+05:00  INFO $ {HOSTNAME} 3264 --- [main] liquibase.database                       : Set default schema name to PUBLIC
2023-08-23T17:04:00.384+05:00  INFO $ {HOSTNAME} 3264 --- [main] liquibase.executor                       : Changelog query completed.
2023-08-23T17:04:00.388+05:00  INFO $ {HOSTNAME} 3264 --- [main] liquibase.executor                       : Changelog query completed.
2023-08-23T17:04:00.392+05:00  INFO $ {HOSTNAME} 3264 --- [main] liquibase.executor                       : Changelog query completed.
2023-08-23T17:04:00.395+05:00  INFO $ {HOSTNAME} 3264 --- [main] liquibase.executor                       : Changelog query completed.
2023-08-23T17:04:00.399+05:00  INFO $ {HOSTNAME} 3264 --- [main] liquibase.executor                       : Changelog query completed.
2023-08-23T17:04:00.400+05:00  INFO $ {HOSTNAME} 3264 --- [main] liquibase.lockservice                    : Successfully acquired change log lock
2023-08-23T17:04:00.413+05:00  INFO $ {HOSTNAME} 3264 --- [main] liquibase.changelog                      : Creating database history table with name: PUBLIC.DATABASECHANGELOG
2023-08-23T17:04:00.416+05:00  INFO $ {HOSTNAME} 3264 --- [main] liquibase.executor                       : Changelog query completed.
2023-08-23T17:04:00.417+05:00  INFO $ {HOSTNAME} 3264 --- [main] liquibase.changelog                      : Reading from PUBLIC.DATABASECHANGELOG
2023-08-23T17:04:00.420+05:00  INFO $ {HOSTNAME} 3264 --- [main] liquibase.executor                       : Changelog query completed.
2023-08-23T17:04:00.422+05:00  INFO $ {HOSTNAME} 3264 --- [main] liquibase.executor                       : Changelog query completed.
2023-08-23T17:04:00.468+05:00  INFO $ {HOSTNAME} 3264 --- [main] liquibase.changelog                      : Table news created
2023-08-23T17:04:00.470+05:00  INFO $ {HOSTNAME} 3264 --- [main] liquibase.changelog                      : Primary key added to news (id)
2023-08-23T17:04:00.471+05:00  INFO $ {HOSTNAME} 3264 --- [main] liquibase.changelog                      : ChangeSet db/changelog/db.changelog-schema-0.0.1.yaml::schema-0.0.1::news team ran successfully in 5ms
2023-08-23T17:04:00.474+05:00  INFO $ {HOSTNAME} 3264 --- [main] liquibase.executor                       : Changelog query completed.
2023-08-23T17:04:00.476+05:00  INFO $ {HOSTNAME} 3264 --- [main] liquibase.executor                       : Changelog query completed.
2023-08-23T17:04:00.478+05:00  INFO $ {HOSTNAME} 3264 --- [main] liquibase.changelog                      : New row inserted into news
2023-08-23T17:04:00.480+05:00  INFO $ {HOSTNAME} 3264 --- [main] liquibase.changelog                      : New row inserted into news
2023-08-23T17:04:00.482+05:00  INFO $ {HOSTNAME} 3264 --- [main] liquibase.changelog                      : ChangeSet db/changelog/db.changelog-data-0.0.1.yaml::data-0.0.1::news team ran successfully in 5ms
2023-08-23T17:04:00.483+05:00  INFO $ {HOSTNAME} 3264 --- [main] liquibase.executor                       : Changelog query completed.
2023-08-23T17:04:00.484+05:00  INFO $ {HOSTNAME} 3264 --- [main] liquibase                                : Update command completed successfully.
2023-08-23T17:04:00.486+05:00  INFO $ {HOSTNAME} 3264 --- [main] liquibase.executor                       : Changelog query completed.
2023-08-23T17:04:00.487+05:00  INFO $ {HOSTNAME} 3264 --- [main] liquibase.lockservice                    : Successfully released change log lock
2023-08-23T17:04:00.599+05:00  INFO $ {HOSTNAME} 3264 --- [main] o.hibernate.jpa.internal.util.LogHelper  : HHH000204: Processing PersistenceUnitInfo [name: default]
2023-08-23T17:04:00.700+05:00  INFO $ {HOSTNAME} 3264 --- [main] org.hibernate.Version                    : HHH000412: Hibernate ORM core version 6.2.6.Final
2023-08-23T17:04:00.705+05:00  INFO $ {HOSTNAME} 3264 --- [main] org.hibernate.cfg.Environment            : HHH000406: Using bytecode reflection optimizer
2023-08-23T17:04:00.892+05:00  INFO $ {HOSTNAME} 3264 --- [main] o.h.b.i.BytecodeProviderInitiator        : HHH000021: Bytecode provider name : bytebuddy
2023-08-23T17:04:01.058+05:00  INFO $ {HOSTNAME} 3264 --- [main] o.s.o.j.p.SpringPersistenceUnitInfo      : No LoadTimeWeaver setup: ignoring JPA class transformer
2023-08-23T17:04:01.332+05:00  INFO $ {HOSTNAME} 3264 --- [main] o.h.b.i.BytecodeProviderInitiator        : HHH000021: Bytecode provider name : bytebuddy
2023-08-23T17:04:01.965+05:00  INFO $ {HOSTNAME} 3264 --- [main] o.h.e.t.j.p.i.JtaPlatformInitiator       : HHH000490: Using JtaPlatform implementation: [org.hibernate.engine.transaction.jta.platform.internal.NoJtaPlatform]
2023-08-23T17:04:01.967+05:00  INFO $ {HOSTNAME} 3264 --- [main] j.LocalContainerEntityManagerFactoryBean : Initialized JPA EntityManagerFactory for persistence unit 'default'
2023-08-23T17:04:02.283+05:00  WARN $ {HOSTNAME} 3264 --- [main] JpaBaseConfiguration$JpaWebConfiguration : spring.jpa.open-in-view is enabled by default. Therefore, database queries may be performed during view rendering. Explicitly configure spring.jpa.open-in-view to disable this warning
2023-08-23T17:04:02.422+05:00  INFO $ {HOSTNAME} 3264 --- [main] o.s.b.a.w.s.WelcomePageHandlerMapping    : Adding welcome page: class path resource [static/index.html]
2023-08-23T17:04:02.630+05:00  INFO $ {HOSTNAME} 3264 --- [main] o.s.b.w.embedded.tomcat.TomcatWebServer  : Tomcat started on port(s): 8080 (http) with context path ''
2023-08-23T17:04:02.642+05:00  INFO $ {HOSTNAME} 3264 --- [main] com.redmath.training.Application         : Started Application in 5.609 seconds (process running for 6.039)
2023-08-23T17:07:30.713+05:00  INFO $ {HOSTNAME} 3264 --- [SpringApplicationShutdownHook] j.LocalContainerEntityManagerFactoryBean : Closing JPA EntityManagerFactory for persistence unit 'default'
2023-08-23T17:07:30.715+05:00  INFO $ {HOSTNAME} 3264 --- [SpringApplicationShutdownHook] com.zaxxer.hikari.HikariDataSource       : HikariPool-1 - Shutdown initiated...
2023-08-23T17:07:30.716+05:00  INFO $ {HOSTNAME} 3264 --- [SpringApplicationShutdownHook] com.zaxxer.hikari.HikariDataSource       : HikariPool-1 - Shutdown completed.
2023-08-23T17:22:15.536+05:00  INFO $ {HOSTNAME} 3872 --- [main] com.redmath.training.Application         : Starting Application using Java 20.0.2 with PID 3872 (C:\IntelliJ IDEA Community Edition 2022.1.3\workspace\Lecture03\target\classes started by khadija.rauf in C:\IntelliJ IDEA Community Edition 2022.1.3\workspace\Lecture03)
2023-08-23T17:22:15.538+05:00 DEBUG $ {HOSTNAME} 3872 --- [main] com.redmath.training.Application         : Running with Spring Boot v3.1.2, Spring v6.0.11
2023-08-23T17:22:15.538+05:00  INFO $ {HOSTNAME} 3872 --- [main] com.redmath.training.Application         : No active profile set, falling back to 1 default profile: "default"
2023-08-23T17:22:16.302+05:00  INFO $ {HOSTNAME} 3872 --- [main] .s.d.r.c.RepositoryConfigurationDelegate : Bootstrapping Spring Data JPA repositories in DEFAULT mode.
2023-08-23T17:22:16.364+05:00  INFO $ {HOSTNAME} 3872 --- [main] .s.d.r.c.RepositoryConfigurationDelegate : Finished Spring Data repository scanning in 53 ms. Found 1 JPA repository interfaces.
2023-08-23T17:22:17.078+05:00  INFO $ {HOSTNAME} 3872 --- [main] o.s.b.w.embedded.tomcat.TomcatWebServer  : Tomcat initialized with port(s): 8080 (http)
2023-08-23T17:22:17.092+05:00  INFO $ {HOSTNAME} 3872 --- [main] o.apache.catalina.core.StandardService   : Starting service [Tomcat]
2023-08-23T17:22:17.092+05:00  INFO $ {HOSTNAME} 3872 --- [main] o.apache.catalina.core.StandardEngine    : Starting Servlet engine: [Apache Tomcat/10.1.11]
2023-08-23T17:22:17.198+05:00  INFO $ {HOSTNAME} 3872 --- [main] o.a.c.c.C.[Tomcat].[localhost].[/]       : Initializing Spring embedded WebApplicationContext
2023-08-23T17:22:17.199+05:00  INFO $ {HOSTNAME} 3872 --- [main] w.s.c.ServletWebServerApplicationContext : Root WebApplicationContext: initialization completed in 1599 ms
2023-08-23T17:22:17.222+05:00 ERROR $ {HOSTNAME} 3872 --- [main] o.s.b.web.embedded.tomcat.TomcatStarter  : Error starting Tomcat context. Exception: org.springframework.beans.factory.BeanCreationException. Message: Error creating bean with name 'h2Console' defined in class path resource [org/springframework/boot/autoconfigure/h2/H2ConsoleAutoConfiguration.class]: Failed to instantiate [org.springframework.boot.web.servlet.ServletRegistrationBean]: Factory method 'h2Console' threw exception with message: Error creating bean with name 'dataSource' defined in class path resource [org/springframework/boot/autoconfigure/jdbc/DataSourceConfiguration$Hikari.class]: Failed to instantiate [com.zaxxer.hikari.HikariDataSource]: Factory method 'dataSource' threw exception with message: URL must start with 'jdbc'
2023-08-23T17:22:17.259+05:00  INFO $ {HOSTNAME} 3872 --- [main] o.apache.catalina.core.StandardService   : Stopping service [Tomcat]
2023-08-23T17:22:17.267+05:00  WARN $ {HOSTNAME} 3872 --- [main] ConfigServletWebServerApplicationContext : Exception encountered during context initialization - cancelling refresh attempt: org.springframework.context.ApplicationContextException: Unable to start web server
2023-08-23T17:22:17.278+05:00  INFO $ {HOSTNAME} 3872 --- [main] .s.b.a.l.ConditionEvaluationReportLogger : 

Error starting ApplicationContext. To display the condition evaluation report re-run your application with 'debug' enabled.
2023-08-23T17:22:17.315+05:00 ERROR $ {HOSTNAME} 3872 --- [main] o.s.boot.SpringApplication               : Application run failed

org.springframework.context.ApplicationContextException: Unable to start web server
	at org.springframework.boot.web.servlet.context.ServletWebServerApplicationContext.onRefresh(ServletWebServerApplicationContext.java:164) ~[spring-boot-3.1.2.jar:3.1.2]
	at org.springframework.context.support.AbstractApplicationContext.refresh(AbstractApplicationContext.java:602) ~[spring-context-6.0.11.jar:6.0.11]
	at org.springframework.boot.web.servlet.context.ServletWebServerApplicationContext.refresh(ServletWebServerApplicationContext.java:146) ~[spring-boot-3.1.2.jar:3.1.2]
	at org.springframework.boot.SpringApplication.refresh(SpringApplication.java:734) ~[spring-boot-3.1.2.jar:3.1.2]
	at org.springframework.boot.SpringApplication.refreshContext(SpringApplication.java:436) ~[spring-boot-3.1.2.jar:3.1.2]
	at org.springframework.boot.SpringApplication.run(SpringApplication.java:312) ~[spring-boot-3.1.2.jar:3.1.2]
	at org.springframework.boot.SpringApplication.run(SpringApplication.java:1306) ~[spring-boot-3.1.2.jar:3.1.2]
	at org.springframework.boot.SpringApplication.run(SpringApplication.java:1295) ~[spring-boot-3.1.2.jar:3.1.2]
	at com.redmath.training.Application.main(Application.java:11) ~[classes/:na]
Caused by: org.springframework.boot.web.server.WebServerException: Unable to start embedded Tomcat
	at org.springframework.boot.web.embedded.tomcat.TomcatWebServer.initialize(TomcatWebServer.java:142) ~[spring-boot-3.1.2.jar:3.1.2]
	at org.springframework.boot.web.embedded.tomcat.TomcatWebServer.<init>(TomcatWebServer.java:104) ~[spring-boot-3.1.2.jar:3.1.2]
	at org.springframework.boot.web.embedded.tomcat.TomcatServletWebServerFactory.getTomcatWebServer(TomcatServletWebServerFactory.java:489) ~[spring-boot-3.1.2.jar:3.1.2]
	at org.springframework.boot.web.embedded.tomcat.TomcatServletWebServerFactory.getWebServer(TomcatServletWebServerFactory.java:211) ~[spring-boot-3.1.2.jar:3.1.2]
	at org.springframework.boot.web.servlet.context.ServletWebServerApplicationContext.createWebServer(ServletWebServerApplicationContext.java:183) ~[spring-boot-3.1.2.jar:3.1.2]
	at org.springframework.boot.web.servlet.context.ServletWebServerApplicationContext.onRefresh(ServletWebServerApplicationContext.java:161) ~[spring-boot-3.1.2.jar:3.1.2]
	... 8 common frames omitted
Caused by: org.springframework.beans.factory.BeanCreationException: Error creating bean with name 'h2Console' defined in class path resource [org/springframework/boot/autoconfigure/h2/H2ConsoleAutoConfiguration.class]: Failed to instantiate [org.springframework.boot.web.servlet.ServletRegistrationBean]: Factory method 'h2Console' threw exception with message: Error creating bean with name 'dataSource' defined in class path resource [org/springframework/boot/autoconfigure/jdbc/DataSourceConfiguration$Hikari.class]: Failed to instantiate [com.zaxxer.hikari.HikariDataSource]: Factory method 'dataSource' threw exception with message: URL must start with 'jdbc'
	at org.springframework.beans.factory.support.ConstructorResolver.instantiate(ConstructorResolver.java:659) ~[spring-beans-6.0.11.jar:6.0.11]
	at org.springframework.beans.factory.support.ConstructorResolver.instantiateUsingFactoryMethod(ConstructorResolver.java:647) ~[spring-beans-6.0.11.jar:6.0.11]
	at org.springframework.beans.factory.support.AbstractAutowireCapableBeanFactory.instantiateUsingFactoryMethod(AbstractAutowireCapableBeanFactory.java:1332) ~[spring-beans-6.0.11.jar:6.0.11]
	at org.springframework.beans.factory.support.AbstractAutowireCapableBeanFactory.createBeanInstance(AbstractAutowireCapableBeanFactory.java:1162) ~[spring-beans-6.0.11.jar:6.0.11]
	at org.springframework.beans.factory.support.AbstractAutowireCapableBeanFactory.doCreateBean(AbstractAutowireCapableBeanFactory.java:560) ~[spring-beans-6.0.11.jar:6.0.11]
	at org.springframework.beans.factory.support.AbstractAutowireCapableBeanFactory.createBean(AbstractAutowireCapableBeanFactory.java:520) ~[spring-beans-6.0.11.jar:6.0.11]
	at org.springframework.beans.factory.support.AbstractBeanFactory.lambda$doGetBean$0(AbstractBeanFactory.java:326) ~[spring-beans-6.0.11.jar:6.0.11]
	at org.springframework.beans.factory.support.DefaultSingletonBeanRegistry.getSingleton(DefaultSingletonBeanRegistry.java:234) ~[spring-beans-6.0.11.jar:6.0.11]
	at org.springframework.beans.factory.support.AbstractBeanFactory.doGetBean(AbstractBeanFactory.java:324) ~[spring-beans-6.0.11.jar:6.0.11]
	at org.springframework.beans.factory.support.AbstractBeanFactory.getBean(AbstractBeanFactory.java:205) ~[spring-beans-6.0.11.jar:6.0.11]
	at org.springframework.boot.web.servlet.ServletContextInitializerBeans.getOrderedBeansOfType(ServletContextInitializerBeans.java:210) ~[spring-boot-3.1.2.jar:3.1.2]
	at org.springframework.boot.web.servlet.ServletContextInitializerBeans.getOrderedBeansOfType(ServletContextInitializerBeans.java:201) ~[spring-boot-3.1.2.jar:3.1.2]
	at org.springframework.boot.web.servlet.ServletContextInitializerBeans.addServletContextInitializerBeans(ServletContextInitializerBeans.java:96) ~[spring-boot-3.1.2.jar:3.1.2]
	at org.springframework.boot.web.servlet.ServletContextInitializerBeans.<init>(ServletContextInitializerBeans.java:85) ~[spring-boot-3.1.2.jar:3.1.2]
	at org.springframework.boot.web.servlet.context.ServletWebServerApplicationContext.getServletContextInitializerBeans(ServletWebServerApplicationContext.java:261) ~[spring-boot-3.1.2.jar:3.1.2]
	at org.springframework.boot.web.servlet.context.ServletWebServerApplicationContext.selfInitialize(ServletWebServerApplicationContext.java:235) ~[spring-boot-3.1.2.jar:3.1.2]
	at org.springframework.boot.web.embedded.tomcat.TomcatStarter.onStartup(TomcatStarter.java:52) ~[spring-boot-3.1.2.jar:3.1.2]
	at org.apache.catalina.core.StandardContext.startInternal(StandardContext.java:4886) ~[tomcat-embed-core-10.1.11.jar:10.1.11]
	at org.apache.catalina.util.LifecycleBase.start(LifecycleBase.java:183) ~[tomcat-embed-core-10.1.11.jar:10.1.11]
	at org.apache.catalina.core.ContainerBase$StartChild.call(ContainerBase.java:1328) ~[tomcat-embed-core-10.1.11.jar:10.1.11]
	at org.apache.catalina.core.ContainerBase$StartChild.call(ContainerBase.java:1318) ~[tomcat-embed-core-10.1.11.jar:10.1.11]
	at java.base/java.util.concurrent.FutureTask.run(FutureTask.java:317) ~[na:na]
	at org.apache.tomcat.util.threads.InlineExecutorService.execute(InlineExecutorService.java:75) ~[tomcat-embed-core-10.1.11.jar:10.1.11]
	at java.base/java.util.concurrent.AbstractExecutorService.submit(AbstractExecutorService.java:145) ~[na:na]
	at org.apache.catalina.core.ContainerBase.startInternal(ContainerBase.java:866) ~[tomcat-embed-core-10.1.11.jar:10.1.11]
	at org.apache.catalina.core.StandardHost.startInternal(StandardHost.java:846) ~[tomcat-embed-core-10.1.11.jar:10.1.11]
	at org.apache.catalina.util.LifecycleBase.start(LifecycleBase.java:183) ~[tomcat-embed-core-10.1.11.jar:10.1.11]
	at org.apache.catalina.core.ContainerBase$StartChild.call(ContainerBase.java:1328) ~[tomcat-embed-core-10.1.11.jar:10.1.11]
	at org.apache.catalina.core.ContainerBase$StartChild.call(ContainerBase.java:1318) ~[tomcat-embed-core-10.1.11.jar:10.1.11]
	at java.base/java.util.concurrent.FutureTask.run(FutureTask.java:317) ~[na:na]
	at org.apache.tomcat.util.threads.InlineExecutorService.execute(InlineExecutorService.java:75) ~[tomcat-embed-core-10.1.11.jar:10.1.11]
	at java.base/java.util.concurrent.AbstractExecutorService.submit(AbstractExecutorService.java:145) ~[na:na]
	at org.apache.catalina.core.ContainerBase.startInternal(ContainerBase.java:866) ~[tomcat-embed-core-10.1.11.jar:10.1.11]
	at org.apache.catalina.core.StandardEngine.startInternal(StandardEngine.java:241) ~[tomcat-embed-core-10.1.11.jar:10.1.11]
	at org.apache.catalina.util.LifecycleBase.start(LifecycleBase.java:183) ~[tomcat-embed-core-10.1.11.jar:10.1.11]
	at org.apache.catalina.core.StandardService.startInternal(StandardService.java:428) ~[tomcat-embed-core-10.1.11.jar:10.1.11]
	at org.apache.catalina.util.LifecycleBase.start(LifecycleBase.java:183) ~[tomcat-embed-core-10.1.11.jar:10.1.11]
	at org.apache.catalina.core.StandardServer.startInternal(StandardServer.java:918) ~[tomcat-embed-core-10.1.11.jar:10.1.11]
	at org.apache.catalina.util.LifecycleBase.start(LifecycleBase.java:183) ~[tomcat-embed-core-10.1.11.jar:10.1.11]
	at org.apache.catalina.startup.Tomcat.start(Tomcat.java:485) ~[tomcat-embed-core-10.1.11.jar:10.1.11]
	at org.springframework.boot.web.embedded.tomcat.TomcatWebServer.initialize(TomcatWebServer.java:123) ~[spring-boot-3.1.2.jar:3.1.2]
	... 13 common frames omitted
Caused by: org.springframework.beans.BeanInstantiationException: Failed to instantiate [org.springframework.boot.web.servlet.ServletRegistrationBean]: Factory method 'h2Console' threw exception with message: Error creating bean with name 'dataSource' defined in class path resource [org/springframework/boot/autoconfigure/jdbc/DataSourceConfiguration$Hikari.class]: Failed to instantiate [com.zaxxer.hikari.HikariDataSource]: Factory method 'dataSource' threw exception with message: URL must start with 'jdbc'
	at org.springframework.beans.factory.support.SimpleInstantiationStrategy.instantiate(SimpleInstantiationStrategy.java:171) ~[spring-beans-6.0.11.jar:6.0.11]
	at org.springframework.beans.factory.support.ConstructorResolver.instantiate(ConstructorResolver.java:655) ~[spring-beans-6.0.11.jar:6.0.11]
	... 53 common frames omitted
Caused by: org.springframework.beans.factory.BeanCreationException: Error creating bean with name 'dataSource' defined in class path resource [org/springframework/boot/autoconfigure/jdbc/DataSourceConfiguration$Hikari.class]: Failed to instantiate [com.zaxxer.hikari.HikariDataSource]: Factory method 'dataSource' threw exception with message: URL must start with 'jdbc'
	at org.springframework.beans.factory.support.ConstructorResolver.instantiate(ConstructorResolver.java:659) ~[spring-beans-6.0.11.jar:6.0.11]
	at org.springframework.beans.factory.support.ConstructorResolver.instantiateUsingFactoryMethod(ConstructorResolver.java:647) ~[spring-beans-6.0.11.jar:6.0.11]
	at org.springframework.beans.factory.support.AbstractAutowireCapableBeanFactory.instantiateUsingFactoryMethod(AbstractAutowireCapableBeanFactory.java:1332) ~[spring-beans-6.0.11.jar:6.0.11]
	at org.springframework.beans.factory.support.AbstractAutowireCapableBeanFactory.createBeanInstance(AbstractAutowireCapableBeanFactory.java:1162) ~[spring-beans-6.0.11.jar:6.0.11]
	at org.springframework.beans.factory.support.AbstractAutowireCapableBeanFactory.doCreateBean(AbstractAutowireCapableBeanFactory.java:560) ~[spring-beans-6.0.11.jar:6.0.11]
	at org.springframework.beans.factory.support.AbstractAutowireCapableBeanFactory.createBean(AbstractAutowireCapableBeanFactory.java:520) ~[spring-beans-6.0.11.jar:6.0.11]
	at org.springframework.beans.factory.support.AbstractBeanFactory.lambda$doGetBean$0(AbstractBeanFactory.java:326) ~[spring-beans-6.0.11.jar:6.0.11]
	at org.springframework.beans.factory.support.DefaultSingletonBeanRegistry.getSingleton(DefaultSingletonBeanRegistry.java:234) ~[spring-beans-6.0.11.jar:6.0.11]
	at org.springframework.beans.factory.support.AbstractBeanFactory.doGetBean(AbstractBeanFactory.java:324) ~[spring-beans-6.0.11.jar:6.0.11]
	at org.springframework.beans.factory.support.AbstractBeanFactory.getBean(AbstractBeanFactory.java:200) ~[spring-beans-6.0.11.jar:6.0.11]
	at org.springframework.beans.factory.config.DependencyDescriptor.resolveCandidate(DependencyDescriptor.java:254) ~[spring-beans-6.0.11.jar:6.0.11]
	at org.springframework.beans.factory.support.DefaultListableBeanFactory.addCandidateEntry(DefaultListableBeanFactory.java:1640) ~[spring-beans-6.0.11.jar:6.0.11]
	at org.springframework.beans.factory.support.DefaultListableBeanFactory.findAutowireCandidates(DefaultListableBeanFactory.java:1597) ~[spring-beans-6.0.11.jar:6.0.11]
	at org.springframework.beans.factory.support.DefaultListableBeanFactory.resolveMultipleBeans(DefaultListableBeanFactory.java:1443) ~[spring-beans-6.0.11.jar:6.0.11]
	at org.springframework.beans.factory.support.DefaultListableBeanFactory.doResolveDependency(DefaultListableBeanFactory.java:1375) ~[spring-beans-6.0.11.jar:6.0.11]
	at org.springframework.beans.factory.support.DefaultListableBeanFactory$DependencyObjectProvider.resolveStream(DefaultListableBeanFactory.java:2143) ~[spring-beans-6.0.11.jar:6.0.11]
	at org.springframework.beans.factory.support.DefaultListableBeanFactory$DependencyObjectProvider.orderedStream(DefaultListableBeanFactory.java:2137) ~[spring-beans-6.0.11.jar:6.0.11]
	at org.springframework.boot.autoconfigure.h2.H2ConsoleAutoConfiguration.logDataSources(H2ConsoleAutoConfiguration.java:86) ~[spring-boot-autoconfigure-3.1.2.jar:3.1.2]
	at org.springframework.boot.autoconfigure.h2.H2ConsoleAutoConfiguration.lambda$h2Console$0(H2ConsoleAutoConfiguration.java:69) ~[spring-boot-autoconfigure-3.1.2.jar:3.1.2]
	at org.springframework.boot.autoconfigure.h2.H2ConsoleAutoConfiguration.withThreadContextClassLoader(H2ConsoleAutoConfiguration.java:78) ~[spring-boot-autoconfigure-3.1.2.jar:3.1.2]
	at org.springframework.boot.autoconfigure.h2.H2ConsoleAutoConfiguration.h2Console(H2ConsoleAutoConfiguration.java:69) ~[spring-boot-autoconfigure-3.1.2.jar:3.1.2]
	at java.base/jdk.internal.reflect.DirectMethodHandleAccessor.invoke(DirectMethodHandleAccessor.java:104) ~[na:na]
	at java.base/java.lang.reflect.Method.invoke(Method.java:578) ~[na:na]
	at org.springframework.beans.factory.support.SimpleInstantiationStrategy.instantiate(SimpleInstantiationStrategy.java:139) ~[spring-beans-6.0.11.jar:6.0.11]
	... 54 common frames omitted
Caused by: org.springframework.beans.BeanInstantiationException: Failed to instantiate [com.zaxxer.hikari.HikariDataSource]: Factory method 'dataSource' threw exception with message: URL must start with 'jdbc'
	at org.springframework.beans.factory.support.SimpleInstantiationStrategy.instantiate(SimpleInstantiationStrategy.java:171) ~[spring-beans-6.0.11.jar:6.0.11]
	at org.springframework.beans.factory.support.ConstructorResolver.instantiate(ConstructorResolver.java:655) ~[spring-beans-6.0.11.jar:6.0.11]
	... 77 common frames omitted
Caused by: java.lang.IllegalArgumentException: URL must start with 'jdbc'
	at org.springframework.util.Assert.isTrue(Assert.java:122) ~[spring-core-6.0.11.jar:6.0.11]
	at org.springframework.boot.jdbc.DatabaseDriver.fromJdbcUrl(DatabaseDriver.java:288) ~[spring-boot-3.1.2.jar:3.1.2]
	at org.springframework.boot.autoconfigure.jdbc.DataSourceProperties.determineDriverClassName(DataSourceProperties.java:180) ~[spring-boot-autoconfigure-3.1.2.jar:3.1.2]
	at org.springframework.boot.autoconfigure.jdbc.PropertiesJdbcConnectionDetails.getDriverClassName(PropertiesJdbcConnectionDetails.java:49) ~[spring-boot-autoconfigure-3.1.2.jar:3.1.2]
	at org.springframework.boot.autoconfigure.jdbc.DataSourceConfiguration.createDataSource(DataSourceConfiguration.java:55) ~[spring-boot-autoconfigure-3.1.2.jar:3.1.2]
	at org.springframework.boot.autoconfigure.jdbc.DataSourceConfiguration$Hikari.dataSource(DataSourceConfiguration.java:117) ~[spring-boot-autoconfigure-3.1.2.jar:3.1.2]
	at java.base/jdk.internal.reflect.DirectMethodHandleAccessor.invoke(DirectMethodHandleAccessor.java:104) ~[na:na]
	at java.base/java.lang.reflect.Method.invoke(Method.java:578) ~[na:na]
	at org.springframework.beans.factory.support.SimpleInstantiationStrategy.instantiate(SimpleInstantiationStrategy.java:139) ~[spring-beans-6.0.11.jar:6.0.11]
	... 78 common frames omitted

2023-08-23T17:25:18.273+05:00  INFO $ {HOSTNAME} 7000 --- [main] com.redmath.training.Application         : Starting Application using Java 20.0.2 with PID 7000 (C:\IntelliJ IDEA Community Edition 2022.1.3\workspace\Lecture03\target\classes started by khadija.rauf in C:\IntelliJ IDEA Community Edition 2022.1.3\workspace\Lecture03)
2023-08-23T17:25:18.274+05:00 DEBUG $ {HOSTNAME} 7000 --- [main] com.redmath.training.Application         : Running with Spring Boot v3.1.2, Spring v6.0.11
2023-08-23T17:25:18.276+05:00  INFO $ {HOSTNAME} 7000 --- [main] com.redmath.training.Application         : The following 1 profile is active: "dev"
2023-08-23T17:25:19.065+05:00  INFO $ {HOSTNAME} 7000 --- [main] .s.d.r.c.RepositoryConfigurationDelegate : Bootstrapping Spring Data JPA repositories in DEFAULT mode.
2023-08-23T17:25:19.134+05:00  INFO $ {HOSTNAME} 7000 --- [main] .s.d.r.c.RepositoryConfigurationDelegate : Finished Spring Data repository scanning in 58 ms. Found 1 JPA repository interfaces.
2023-08-23T17:25:19.832+05:00  INFO $ {HOSTNAME} 7000 --- [main] o.s.b.w.embedded.tomcat.TomcatWebServer  : Tomcat initialized with port(s): 8080 (http)
2023-08-23T17:25:19.842+05:00  INFO $ {HOSTNAME} 7000 --- [main] o.apache.catalina.core.StandardService   : Starting service [Tomcat]
2023-08-23T17:25:19.843+05:00  INFO $ {HOSTNAME} 7000 --- [main] o.apache.catalina.core.StandardEngine    : Starting Servlet engine: [Apache Tomcat/10.1.11]
2023-08-23T17:25:19.953+05:00  INFO $ {HOSTNAME} 7000 --- [main] o.a.c.c.C.[Tomcat].[localhost].[/]       : Initializing Spring embedded WebApplicationContext
2023-08-23T17:25:19.954+05:00  INFO $ {HOSTNAME} 7000 --- [main] w.s.c.ServletWebServerApplicationContext : Root WebApplicationContext: initialization completed in 1619 ms
2023-08-23T17:25:19.975+05:00 ERROR $ {HOSTNAME} 7000 --- [main] o.s.b.web.embedded.tomcat.TomcatStarter  : Error starting Tomcat context. Exception: org.springframework.beans.factory.BeanCreationException. Message: Error creating bean with name 'h2Console' defined in class path resource [org/springframework/boot/autoconfigure/h2/H2ConsoleAutoConfiguration.class]: Failed to instantiate [org.springframework.boot.web.servlet.ServletRegistrationBean]: Factory method 'h2Console' threw exception with message: Error creating bean with name 'dataSource' defined in class path resource [org/springframework/boot/autoconfigure/jdbc/DataSourceConfiguration$Hikari.class]: Failed to instantiate [com.zaxxer.hikari.HikariDataSource]: Factory method 'dataSource' threw exception with message: URL must start with 'jdbc'
2023-08-23T17:25:20.007+05:00  INFO $ {HOSTNAME} 7000 --- [main] o.apache.catalina.core.StandardService   : Stopping service [Tomcat]
2023-08-23T17:25:20.014+05:00  WARN $ {HOSTNAME} 7000 --- [main] ConfigServletWebServerApplicationContext : Exception encountered during context initialization - cancelling refresh attempt: org.springframework.context.ApplicationContextException: Unable to start web server
2023-08-23T17:25:20.024+05:00  INFO $ {HOSTNAME} 7000 --- [main] .s.b.a.l.ConditionEvaluationReportLogger : 

Error starting ApplicationContext. To display the condition evaluation report re-run your application with 'debug' enabled.
2023-08-23T17:25:20.049+05:00 ERROR $ {HOSTNAME} 7000 --- [main] o.s.boot.SpringApplication               : Application run failed

org.springframework.context.ApplicationContextException: Unable to start web server
	at org.springframework.boot.web.servlet.context.ServletWebServerApplicationContext.onRefresh(ServletWebServerApplicationContext.java:164) ~[spring-boot-3.1.2.jar:3.1.2]
	at org.springframework.context.support.AbstractApplicationContext.refresh(AbstractApplicationContext.java:602) ~[spring-context-6.0.11.jar:6.0.11]
	at org.springframework.boot.web.servlet.context.ServletWebServerApplicationContext.refresh(ServletWebServerApplicationContext.java:146) ~[spring-boot-3.1.2.jar:3.1.2]
	at org.springframework.boot.SpringApplication.refresh(SpringApplication.java:734) ~[spring-boot-3.1.2.jar:3.1.2]
	at org.springframework.boot.SpringApplication.refreshContext(SpringApplication.java:436) ~[spring-boot-3.1.2.jar:3.1.2]
	at org.springframework.boot.SpringApplication.run(SpringApplication.java:312) ~[spring-boot-3.1.2.jar:3.1.2]
	at org.springframework.boot.SpringApplication.run(SpringApplication.java:1306) ~[spring-boot-3.1.2.jar:3.1.2]
	at org.springframework.boot.SpringApplication.run(SpringApplication.java:1295) ~[spring-boot-3.1.2.jar:3.1.2]
	at com.redmath.training.Application.main(Application.java:11) ~[classes/:na]
Caused by: org.springframework.boot.web.server.WebServerException: Unable to start embedded Tomcat
	at org.springframework.boot.web.embedded.tomcat.TomcatWebServer.initialize(TomcatWebServer.java:142) ~[spring-boot-3.1.2.jar:3.1.2]
	at org.springframework.boot.web.embedded.tomcat.TomcatWebServer.<init>(TomcatWebServer.java:104) ~[spring-boot-3.1.2.jar:3.1.2]
	at org.springframework.boot.web.embedded.tomcat.TomcatServletWebServerFactory.getTomcatWebServer(TomcatServletWebServerFactory.java:489) ~[spring-boot-3.1.2.jar:3.1.2]
	at org.springframework.boot.web.embedded.tomcat.TomcatServletWebServerFactory.getWebServer(TomcatServletWebServerFactory.java:211) ~[spring-boot-3.1.2.jar:3.1.2]
	at org.springframework.boot.web.servlet.context.ServletWebServerApplicationContext.createWebServer(ServletWebServerApplicationContext.java:183) ~[spring-boot-3.1.2.jar:3.1.2]
	at org.springframework.boot.web.servlet.context.ServletWebServerApplicationContext.onRefresh(ServletWebServerApplicationContext.java:161) ~[spring-boot-3.1.2.jar:3.1.2]
	... 8 common frames omitted
Caused by: org.springframework.beans.factory.BeanCreationException: Error creating bean with name 'h2Console' defined in class path resource [org/springframework/boot/autoconfigure/h2/H2ConsoleAutoConfiguration.class]: Failed to instantiate [org.springframework.boot.web.servlet.ServletRegistrationBean]: Factory method 'h2Console' threw exception with message: Error creating bean with name 'dataSource' defined in class path resource [org/springframework/boot/autoconfigure/jdbc/DataSourceConfiguration$Hikari.class]: Failed to instantiate [com.zaxxer.hikari.HikariDataSource]: Factory method 'dataSource' threw exception with message: URL must start with 'jdbc'
	at org.springframework.beans.factory.support.ConstructorResolver.instantiate(ConstructorResolver.java:659) ~[spring-beans-6.0.11.jar:6.0.11]
	at org.springframework.beans.factory.support.ConstructorResolver.instantiateUsingFactoryMethod(ConstructorResolver.java:647) ~[spring-beans-6.0.11.jar:6.0.11]
	at org.springframework.beans.factory.support.AbstractAutowireCapableBeanFactory.instantiateUsingFactoryMethod(AbstractAutowireCapableBeanFactory.java:1332) ~[spring-beans-6.0.11.jar:6.0.11]
	at org.springframework.beans.factory.support.AbstractAutowireCapableBeanFactory.createBeanInstance(AbstractAutowireCapableBeanFactory.java:1162) ~[spring-beans-6.0.11.jar:6.0.11]
	at org.springframework.beans.factory.support.AbstractAutowireCapableBeanFactory.doCreateBean(AbstractAutowireCapableBeanFactory.java:560) ~[spring-beans-6.0.11.jar:6.0.11]
	at org.springframework.beans.factory.support.AbstractAutowireCapableBeanFactory.createBean(AbstractAutowireCapableBeanFactory.java:520) ~[spring-beans-6.0.11.jar:6.0.11]
	at org.springframework.beans.factory.support.AbstractBeanFactory.lambda$doGetBean$0(AbstractBeanFactory.java:326) ~[spring-beans-6.0.11.jar:6.0.11]
	at org.springframework.beans.factory.support.DefaultSingletonBeanRegistry.getSingleton(DefaultSingletonBeanRegistry.java:234) ~[spring-beans-6.0.11.jar:6.0.11]
	at org.springframework.beans.factory.support.AbstractBeanFactory.doGetBean(AbstractBeanFactory.java:324) ~[spring-beans-6.0.11.jar:6.0.11]
	at org.springframework.beans.factory.support.AbstractBeanFactory.getBean(AbstractBeanFactory.java:205) ~[spring-beans-6.0.11.jar:6.0.11]
	at org.springframework.boot.web.servlet.ServletContextInitializerBeans.getOrderedBeansOfType(ServletContextInitializerBeans.java:210) ~[spring-boot-3.1.2.jar:3.1.2]
	at org.springframework.boot.web.servlet.ServletContextInitializerBeans.getOrderedBeansOfType(ServletContextInitializerBeans.java:201) ~[spring-boot-3.1.2.jar:3.1.2]
	at org.springframework.boot.web.servlet.ServletContextInitializerBeans.addServletContextInitializerBeans(ServletContextInitializerBeans.java:96) ~[spring-boot-3.1.2.jar:3.1.2]
	at org.springframework.boot.web.servlet.ServletContextInitializerBeans.<init>(ServletContextInitializerBeans.java:85) ~[spring-boot-3.1.2.jar:3.1.2]
	at org.springframework.boot.web.servlet.context.ServletWebServerApplicationContext.getServletContextInitializerBeans(ServletWebServerApplicationContext.java:261) ~[spring-boot-3.1.2.jar:3.1.2]
	at org.springframework.boot.web.servlet.context.ServletWebServerApplicationContext.selfInitialize(ServletWebServerApplicationContext.java:235) ~[spring-boot-3.1.2.jar:3.1.2]
	at org.springframework.boot.web.embedded.tomcat.TomcatStarter.onStartup(TomcatStarter.java:52) ~[spring-boot-3.1.2.jar:3.1.2]
	at org.apache.catalina.core.StandardContext.startInternal(StandardContext.java:4886) ~[tomcat-embed-core-10.1.11.jar:10.1.11]
	at org.apache.catalina.util.LifecycleBase.start(LifecycleBase.java:183) ~[tomcat-embed-core-10.1.11.jar:10.1.11]
	at org.apache.catalina.core.ContainerBase$StartChild.call(ContainerBase.java:1328) ~[tomcat-embed-core-10.1.11.jar:10.1.11]
	at org.apache.catalina.core.ContainerBase$StartChild.call(ContainerBase.java:1318) ~[tomcat-embed-core-10.1.11.jar:10.1.11]
	at java.base/java.util.concurrent.FutureTask.run(FutureTask.java:317) ~[na:na]
	at org.apache.tomcat.util.threads.InlineExecutorService.execute(InlineExecutorService.java:75) ~[tomcat-embed-core-10.1.11.jar:10.1.11]
	at java.base/java.util.concurrent.AbstractExecutorService.submit(AbstractExecutorService.java:145) ~[na:na]
	at org.apache.catalina.core.ContainerBase.startInternal(ContainerBase.java:866) ~[tomcat-embed-core-10.1.11.jar:10.1.11]
	at org.apache.catalina.core.StandardHost.startInternal(StandardHost.java:846) ~[tomcat-embed-core-10.1.11.jar:10.1.11]
	at org.apache.catalina.util.LifecycleBase.start(LifecycleBase.java:183) ~[tomcat-embed-core-10.1.11.jar:10.1.11]
	at org.apache.catalina.core.ContainerBase$StartChild.call(ContainerBase.java:1328) ~[tomcat-embed-core-10.1.11.jar:10.1.11]
	at org.apache.catalina.core.ContainerBase$StartChild.call(ContainerBase.java:1318) ~[tomcat-embed-core-10.1.11.jar:10.1.11]
	at java.base/java.util.concurrent.FutureTask.run(FutureTask.java:317) ~[na:na]
	at org.apache.tomcat.util.threads.InlineExecutorService.execute(InlineExecutorService.java:75) ~[tomcat-embed-core-10.1.11.jar:10.1.11]
	at java.base/java.util.concurrent.AbstractExecutorService.submit(AbstractExecutorService.java:145) ~[na:na]
	at org.apache.catalina.core.ContainerBase.startInternal(ContainerBase.java:866) ~[tomcat-embed-core-10.1.11.jar:10.1.11]
	at org.apache.catalina.core.StandardEngine.startInternal(StandardEngine.java:241) ~[tomcat-embed-core-10.1.11.jar:10.1.11]
	at org.apache.catalina.util.LifecycleBase.start(LifecycleBase.java:183) ~[tomcat-embed-core-10.1.11.jar:10.1.11]
	at org.apache.catalina.core.StandardService.startInternal(StandardService.java:428) ~[tomcat-embed-core-10.1.11.jar:10.1.11]
	at org.apache.catalina.util.LifecycleBase.start(LifecycleBase.java:183) ~[tomcat-embed-core-10.1.11.jar:10.1.11]
	at org.apache.catalina.core.StandardServer.startInternal(StandardServer.java:918) ~[tomcat-embed-core-10.1.11.jar:10.1.11]
	at org.apache.catalina.util.LifecycleBase.start(LifecycleBase.java:183) ~[tomcat-embed-core-10.1.11.jar:10.1.11]
	at org.apache.catalina.startup.Tomcat.start(Tomcat.java:485) ~[tomcat-embed-core-10.1.11.jar:10.1.11]
	at org.springframework.boot.web.embedded.tomcat.TomcatWebServer.initialize(TomcatWebServer.java:123) ~[spring-boot-3.1.2.jar:3.1.2]
	... 13 common frames omitted
Caused by: org.springframework.beans.BeanInstantiationException: Failed to instantiate [org.springframework.boot.web.servlet.ServletRegistrationBean]: Factory method 'h2Console' threw exception with message: Error creating bean with name 'dataSource' defined in class path resource [org/springframework/boot/autoconfigure/jdbc/DataSourceConfiguration$Hikari.class]: Failed to instantiate [com.zaxxer.hikari.HikariDataSource]: Factory method 'dataSource' threw exception with message: URL must start with 'jdbc'
	at org.springframework.beans.factory.support.SimpleInstantiationStrategy.instantiate(SimpleInstantiationStrategy.java:171) ~[spring-beans-6.0.11.jar:6.0.11]
	at org.springframework.beans.factory.support.ConstructorResolver.instantiate(ConstructorResolver.java:655) ~[spring-beans-6.0.11.jar:6.0.11]
	... 53 common frames omitted
Caused by: org.springframework.beans.factory.BeanCreationException: Error creating bean with name 'dataSource' defined in class path resource [org/springframework/boot/autoconfigure/jdbc/DataSourceConfiguration$Hikari.class]: Failed to instantiate [com.zaxxer.hikari.HikariDataSource]: Factory method 'dataSource' threw exception with message: URL must start with 'jdbc'
	at org.springframework.beans.factory.support.ConstructorResolver.instantiate(ConstructorResolver.java:659) ~[spring-beans-6.0.11.jar:6.0.11]
	at org.springframework.beans.factory.support.ConstructorResolver.instantiateUsingFactoryMethod(ConstructorResolver.java:647) ~[spring-beans-6.0.11.jar:6.0.11]
	at org.springframework.beans.factory.support.AbstractAutowireCapableBeanFactory.instantiateUsingFactoryMethod(AbstractAutowireCapableBeanFactory.java:1332) ~[spring-beans-6.0.11.jar:6.0.11]
	at org.springframework.beans.factory.support.AbstractAutowireCapableBeanFactory.createBeanInstance(AbstractAutowireCapableBeanFactory.java:1162) ~[spring-beans-6.0.11.jar:6.0.11]
	at org.springframework.beans.factory.support.AbstractAutowireCapableBeanFactory.doCreateBean(AbstractAutowireCapableBeanFactory.java:560) ~[spring-beans-6.0.11.jar:6.0.11]
	at org.springframework.beans.factory.support.AbstractAutowireCapableBeanFactory.createBean(AbstractAutowireCapableBeanFactory.java:520) ~[spring-beans-6.0.11.jar:6.0.11]
	at org.springframework.beans.factory.support.AbstractBeanFactory.lambda$doGetBean$0(AbstractBeanFactory.java:326) ~[spring-beans-6.0.11.jar:6.0.11]
	at org.springframework.beans.factory.support.DefaultSingletonBeanRegistry.getSingleton(DefaultSingletonBeanRegistry.java:234) ~[spring-beans-6.0.11.jar:6.0.11]
	at org.springframework.beans.factory.support.AbstractBeanFactory.doGetBean(AbstractBeanFactory.java:324) ~[spring-beans-6.0.11.jar:6.0.11]
	at org.springframework.beans.factory.support.AbstractBeanFactory.getBean(AbstractBeanFactory.java:200) ~[spring-beans-6.0.11.jar:6.0.11]
	at org.springframework.beans.factory.config.DependencyDescriptor.resolveCandidate(DependencyDescriptor.java:254) ~[spring-beans-6.0.11.jar:6.0.11]
	at org.springframework.beans.factory.support.DefaultListableBeanFactory.addCandidateEntry(DefaultListableBeanFactory.java:1640) ~[spring-beans-6.0.11.jar:6.0.11]
	at org.springframework.beans.factory.support.DefaultListableBeanFactory.findAutowireCandidates(DefaultListableBeanFactory.java:1597) ~[spring-beans-6.0.11.jar:6.0.11]
	at org.springframework.beans.factory.support.DefaultListableBeanFactory.resolveMultipleBeans(DefaultListableBeanFactory.java:1443) ~[spring-beans-6.0.11.jar:6.0.11]
	at org.springframework.beans.factory.support.DefaultListableBeanFactory.doResolveDependency(DefaultListableBeanFactory.java:1375) ~[spring-beans-6.0.11.jar:6.0.11]
	at org.springframework.beans.factory.support.DefaultListableBeanFactory$DependencyObjectProvider.resolveStream(DefaultListableBeanFactory.java:2143) ~[spring-beans-6.0.11.jar:6.0.11]
	at org.springframework.beans.factory.support.DefaultListableBeanFactory$DependencyObjectProvider.orderedStream(DefaultListableBeanFactory.java:2137) ~[spring-beans-6.0.11.jar:6.0.11]
	at org.springframework.boot.autoconfigure.h2.H2ConsoleAutoConfiguration.logDataSources(H2ConsoleAutoConfiguration.java:86) ~[spring-boot-autoconfigure-3.1.2.jar:3.1.2]
	at org.springframework.boot.autoconfigure.h2.H2ConsoleAutoConfiguration.lambda$h2Console$0(H2ConsoleAutoConfiguration.java:69) ~[spring-boot-autoconfigure-3.1.2.jar:3.1.2]
	at org.springframework.boot.autoconfigure.h2.H2ConsoleAutoConfiguration.withThreadContextClassLoader(H2ConsoleAutoConfiguration.java:78) ~[spring-boot-autoconfigure-3.1.2.jar:3.1.2]
	at org.springframework.boot.autoconfigure.h2.H2ConsoleAutoConfiguration.h2Console(H2ConsoleAutoConfiguration.java:69) ~[spring-boot-autoconfigure-3.1.2.jar:3.1.2]
	at java.base/jdk.internal.reflect.DirectMethodHandleAccessor.invoke(DirectMethodHandleAccessor.java:104) ~[na:na]
	at java.base/java.lang.reflect.Method.invoke(Method.java:578) ~[na:na]
	at org.springframework.beans.factory.support.SimpleInstantiationStrategy.instantiate(SimpleInstantiationStrategy.java:139) ~[spring-beans-6.0.11.jar:6.0.11]
	... 54 common frames omitted
Caused by: org.springframework.beans.BeanInstantiationException: Failed to instantiate [com.zaxxer.hikari.HikariDataSource]: Factory method 'dataSource' threw exception with message: URL must start with 'jdbc'
	at org.springframework.beans.factory.support.SimpleInstantiationStrategy.instantiate(SimpleInstantiationStrategy.java:171) ~[spring-beans-6.0.11.jar:6.0.11]
	at org.springframework.beans.factory.support.ConstructorResolver.instantiate(ConstructorResolver.java:655) ~[spring-beans-6.0.11.jar:6.0.11]
	... 77 common frames omitted
Caused by: java.lang.IllegalArgumentException: URL must start with 'jdbc'
	at org.springframework.util.Assert.isTrue(Assert.java:122) ~[spring-core-6.0.11.jar:6.0.11]
	at org.springframework.boot.jdbc.DatabaseDriver.fromJdbcUrl(DatabaseDriver.java:288) ~[spring-boot-3.1.2.jar:3.1.2]
	at org.springframework.boot.autoconfigure.jdbc.DataSourceProperties.determineDriverClassName(DataSourceProperties.java:180) ~[spring-boot-autoconfigure-3.1.2.jar:3.1.2]
	at org.springframework.boot.autoconfigure.jdbc.PropertiesJdbcConnectionDetails.getDriverClassName(PropertiesJdbcConnectionDetails.java:49) ~[spring-boot-autoconfigure-3.1.2.jar:3.1.2]
	at org.springframework.boot.autoconfigure.jdbc.DataSourceConfiguration.createDataSource(DataSourceConfiguration.java:55) ~[spring-boot-autoconfigure-3.1.2.jar:3.1.2]
	at org.springframework.boot.autoconfigure.jdbc.DataSourceConfiguration$Hikari.dataSource(DataSourceConfiguration.java:117) ~[spring-boot-autoconfigure-3.1.2.jar:3.1.2]
	at java.base/jdk.internal.reflect.DirectMethodHandleAccessor.invoke(DirectMethodHandleAccessor.java:104) ~[na:na]
	at java.base/java.lang.reflect.Method.invoke(Method.java:578) ~[na:na]
	at org.springframework.beans.factory.support.SimpleInstantiationStrategy.instantiate(SimpleInstantiationStrategy.java:139) ~[spring-beans-6.0.11.jar:6.0.11]
	... 78 common frames omitted

2023-08-23T17:27:12.951+05:00  INFO $ {HOSTNAME} 11300 --- [main] com.redmath.training.Application         : Starting Application using Java 20.0.2 with PID 11300 (C:\IntelliJ IDEA Community Edition 2022.1.3\workspace\Lecture03\target\classes started by khadija.rauf in C:\IntelliJ IDEA Community Edition 2022.1.3\workspace\Lecture03)
2023-08-23T17:27:12.952+05:00 DEBUG $ {HOSTNAME} 11300 --- [main] com.redmath.training.Application         : Running with Spring Boot v3.1.2, Spring v6.0.11
2023-08-23T17:27:12.954+05:00  INFO $ {HOSTNAME} 11300 --- [main] com.redmath.training.Application         : The following 1 profile is active: "dev"
2023-08-23T17:27:13.718+05:00  INFO $ {HOSTNAME} 11300 --- [main] .s.d.r.c.RepositoryConfigurationDelegate : Bootstrapping Spring Data JPA repositories in DEFAULT mode.
2023-08-23T17:27:13.787+05:00  INFO $ {HOSTNAME} 11300 --- [main] .s.d.r.c.RepositoryConfigurationDelegate : Finished Spring Data repository scanning in 57 ms. Found 1 JPA repository interfaces.
2023-08-23T17:27:14.482+05:00  INFO $ {HOSTNAME} 11300 --- [main] o.s.b.w.embedded.tomcat.TomcatWebServer  : Tomcat initialized with port(s): 8080 (http)
2023-08-23T17:27:14.493+05:00  INFO $ {HOSTNAME} 11300 --- [main] o.apache.catalina.core.StandardService   : Starting service [Tomcat]
2023-08-23T17:27:14.494+05:00  INFO $ {HOSTNAME} 11300 --- [main] o.apache.catalina.core.StandardEngine    : Starting Servlet engine: [Apache Tomcat/10.1.11]
2023-08-23T17:27:14.590+05:00  INFO $ {HOSTNAME} 11300 --- [main] o.a.c.c.C.[Tomcat].[localhost].[/]       : Initializing Spring embedded WebApplicationContext
2023-08-23T17:27:14.590+05:00  INFO $ {HOSTNAME} 11300 --- [main] w.s.c.ServletWebServerApplicationContext : Root WebApplicationContext: initialization completed in 1561 ms
2023-08-23T17:27:14.639+05:00  INFO $ {HOSTNAME} 11300 --- [main] com.zaxxer.hikari.HikariDataSource       : HikariPool-1 - Starting...
2023-08-23T17:27:14.872+05:00  INFO $ {HOSTNAME} 11300 --- [main] com.zaxxer.hikari.pool.HikariPool        : HikariPool-1 - Added connection conn0: url=jdbc:h2:mem:news user=SA
2023-08-23T17:27:14.874+05:00  INFO $ {HOSTNAME} 11300 --- [main] com.zaxxer.hikari.HikariDataSource       : HikariPool-1 - Start completed.
2023-08-23T17:27:14.886+05:00  INFO $ {HOSTNAME} 11300 --- [main] o.s.b.a.h2.H2ConsoleAutoConfiguration    : H2 console available at '/h2-console'. Database available at 'jdbc:h2:mem:news'
2023-08-23T17:27:15.107+05:00  INFO $ {HOSTNAME} 11300 --- [main] liquibase.database                       : Set default schema name to PUBLIC
2023-08-23T17:27:15.628+05:00  INFO $ {HOSTNAME} 11300 --- [main] liquibase.executor                       : Changelog query completed.
2023-08-23T17:27:15.631+05:00  INFO $ {HOSTNAME} 11300 --- [main] liquibase.executor                       : Changelog query completed.
2023-08-23T17:27:15.637+05:00  INFO $ {HOSTNAME} 11300 --- [main] liquibase.executor                       : Changelog query completed.
2023-08-23T17:27:15.640+05:00  INFO $ {HOSTNAME} 11300 --- [main] liquibase.executor                       : Changelog query completed.
2023-08-23T17:27:15.646+05:00  INFO $ {HOSTNAME} 11300 --- [main] liquibase.executor                       : Changelog query completed.
2023-08-23T17:27:15.646+05:00  INFO $ {HOSTNAME} 11300 --- [main] liquibase.lockservice                    : Successfully acquired change log lock
2023-08-23T17:27:15.660+05:00  INFO $ {HOSTNAME} 11300 --- [main] liquibase.changelog                      : Creating database history table with name: PUBLIC.DATABASECHANGELOG
2023-08-23T17:27:15.664+05:00  INFO $ {HOSTNAME} 11300 --- [main] liquibase.executor                       : Changelog query completed.
2023-08-23T17:27:15.665+05:00  INFO $ {HOSTNAME} 11300 --- [main] liquibase.changelog                      : Reading from PUBLIC.DATABASECHANGELOG
2023-08-23T17:27:15.668+05:00  INFO $ {HOSTNAME} 11300 --- [main] liquibase.executor                       : Changelog query completed.
2023-08-23T17:27:15.671+05:00  INFO $ {HOSTNAME} 11300 --- [main] liquibase.executor                       : Changelog query completed.
2023-08-23T17:27:15.717+05:00  INFO $ {HOSTNAME} 11300 --- [main] liquibase.changelog                      : Table news created
2023-08-23T17:27:15.719+05:00  INFO $ {HOSTNAME} 11300 --- [main] liquibase.changelog                      : Primary key added to news (id)
2023-08-23T17:27:15.720+05:00  INFO $ {HOSTNAME} 11300 --- [main] liquibase.changelog                      : ChangeSet db/changelog/db.changelog-schema-0.0.1.yaml::schema-0.0.1::news team ran successfully in 8ms
2023-08-23T17:27:15.723+05:00  INFO $ {HOSTNAME} 11300 --- [main] liquibase.executor                       : Changelog query completed.
2023-08-23T17:27:15.724+05:00  INFO $ {HOSTNAME} 11300 --- [main] liquibase.executor                       : Changelog query completed.
2023-08-23T17:27:15.727+05:00  INFO $ {HOSTNAME} 11300 --- [main] liquibase.changelog                      : New row inserted into news
2023-08-23T17:27:15.729+05:00  INFO $ {HOSTNAME} 11300 --- [main] liquibase.changelog                      : New row inserted into news
2023-08-23T17:27:15.730+05:00  INFO $ {HOSTNAME} 11300 --- [main] liquibase.changelog                      : ChangeSet db/changelog/db.changelog-data-0.0.1.yaml::data-0.0.1::news team ran successfully in 4ms
2023-08-23T17:27:15.731+05:00  INFO $ {HOSTNAME} 11300 --- [main] liquibase.executor                       : Changelog query completed.
2023-08-23T17:27:15.732+05:00  INFO $ {HOSTNAME} 11300 --- [main] liquibase                                : Update command completed successfully.
2023-08-23T17:27:15.735+05:00  INFO $ {HOSTNAME} 11300 --- [main] liquibase.executor                       : Changelog query completed.
2023-08-23T17:27:15.735+05:00  INFO $ {HOSTNAME} 11300 --- [main] liquibase.lockservice                    : Successfully released change log lock
2023-08-23T17:27:15.832+05:00  INFO $ {HOSTNAME} 11300 --- [main] o.hibernate.jpa.internal.util.LogHelper  : HHH000204: Processing PersistenceUnitInfo [name: default]
2023-08-23T17:27:15.943+05:00  INFO $ {HOSTNAME} 11300 --- [main] org.hibernate.Version                    : HHH000412: Hibernate ORM core version 6.2.6.Final
2023-08-23T17:27:15.946+05:00  INFO $ {HOSTNAME} 11300 --- [main] org.hibernate.cfg.Environment            : HHH000406: Using bytecode reflection optimizer
2023-08-23T17:27:16.143+05:00  INFO $ {HOSTNAME} 11300 --- [main] o.h.b.i.BytecodeProviderInitiator        : HHH000021: Bytecode provider name : bytebuddy
2023-08-23T17:27:16.307+05:00  INFO $ {HOSTNAME} 11300 --- [main] o.s.o.j.p.SpringPersistenceUnitInfo      : No LoadTimeWeaver setup: ignoring JPA class transformer
2023-08-23T17:27:16.567+05:00  INFO $ {HOSTNAME} 11300 --- [main] o.h.b.i.BytecodeProviderInitiator        : HHH000021: Bytecode provider name : bytebuddy
2023-08-23T17:27:17.203+05:00  INFO $ {HOSTNAME} 11300 --- [main] o.h.e.t.j.p.i.JtaPlatformInitiator       : HHH000490: Using JtaPlatform implementation: [org.hibernate.engine.transaction.jta.platform.internal.NoJtaPlatform]
2023-08-23T17:27:17.206+05:00  INFO $ {HOSTNAME} 11300 --- [main] j.LocalContainerEntityManagerFactoryBean : Initialized JPA EntityManagerFactory for persistence unit 'default'
2023-08-23T17:27:17.732+05:00  WARN $ {HOSTNAME} 11300 --- [main] JpaBaseConfiguration$JpaWebConfiguration : spring.jpa.open-in-view is enabled by default. Therefore, database queries may be performed during view rendering. Explicitly configure spring.jpa.open-in-view to disable this warning
2023-08-23T17:27:17.924+05:00  INFO $ {HOSTNAME} 11300 --- [main] o.s.b.a.w.s.WelcomePageHandlerMapping    : Adding welcome page: class path resource [static/index.html]
2023-08-23T17:27:18.216+05:00  INFO $ {HOSTNAME} 11300 --- [main] o.s.b.w.embedded.tomcat.TomcatWebServer  : Tomcat started on port(s): 8080 (http) with context path ''
2023-08-23T17:27:18.230+05:00  INFO $ {HOSTNAME} 11300 --- [main] com.redmath.training.Application         : Started Application in 5.842 seconds (process running for 6.25)
2023-08-23T17:27:20.351+05:00  INFO $ {HOSTNAME} 11300 --- [http-nio-8080-exec-2] o.a.c.c.C.[Tomcat].[localhost].[/]       : Initializing Spring DispatcherServlet 'dispatcherServlet'
2023-08-23T17:27:20.352+05:00  INFO $ {HOSTNAME} 11300 --- [http-nio-8080-exec-2] o.s.web.servlet.DispatcherServlet        : Initializing Servlet 'dispatcherServlet'
2023-08-23T17:27:20.353+05:00  INFO $ {HOSTNAME} 11300 --- [http-nio-8080-exec-2] o.s.web.servlet.DispatcherServlet        : Completed initialization in 1 ms
2023-08-23T17:27:20.387+05:00 DEBUG $ {HOSTNAME} 11300 --- [http-nio-8080-exec-2] com.redmath.training.core.NewsService    : findAll
2023-08-23T17:27:20.543+05:00 DEBUG $ {HOSTNAME} 11300 --- [http-nio-8080-exec-2] org.hibernate.SQL                        : select n1_0.id,n1_0.details,n1_0.reported_at,n1_0.tags,n1_0.title from news n1_0
2023-08-23T17:32:39.847+05:00  INFO $ {HOSTNAME} 11300 --- [SpringApplicationShutdownHook] j.LocalContainerEntityManagerFactoryBean : Closing JPA EntityManagerFactory for persistence unit 'default'
2023-08-23T17:32:39.849+05:00  INFO $ {HOSTNAME} 11300 --- [SpringApplicationShutdownHook] com.zaxxer.hikari.HikariDataSource       : HikariPool-1 - Shutdown initiated...
2023-08-23T17:32:39.851+05:00  INFO $ {HOSTNAME} 11300 --- [SpringApplicationShutdownHook] com.zaxxer.hikari.HikariDataSource       : HikariPool-1 - Shutdown completed.
